<?xml version="1.0" encoding="UTF-8"?>
<!-- Generated by org.testng.reporters.JUnitReportReporter -->
<testsuite hostname="Selva" failures="0" tests="2" name="test.LoginPageTest" time="10.027" errors="0" timestamp="2024-03-09T11:04:44 IST" skipped="0">
  <testcase classname="test.LoginPageTest" name="start_browser" time="4.192"/>
  <system-out/>
  <testcase classname="test.LoginPageTest" name="user_login" time="5.835"/>
  <system-out/>
</testsuite> <!-- test.LoginPageTest -->
