<?xml version="1.0" encoding="UTF-8"?>
<!-- Generated by org.testng.reporters.JUnitReportReporter -->
<testsuite hostname="Selva" failures="0" tests="2" name="test.LoginPageTest" time="8.703" errors="0" timestamp="2024-03-09T10:29:46 IST" skipped="0">
  <testcase classname="test.LoginPageTest" name="start_browser" time="4.024"/>
  <system-out/>
  <testcase classname="test.LoginPageTest" name="user_login" time="4.679"/>
  <system-out/>
</testsuite> <!-- test.LoginPageTest -->
