<?xml version="1.0" encoding="UTF-8"?>
<!-- Generated by org.testng.reporters.JUnitReportReporter -->
<testsuite hostname="Selva" failures="0" tests="3" name="utilities.Excelutilites" time="9.587" errors="0" timestamp="2024-03-09T13:21:38 IST" skipped="0">
  <testcase classname="utilities.Excelutilites" name="register_user" time="3.480"/>
  <system-out/>
  <testcase classname="utilities.Excelutilites" name="register_user" time="2.675"/>
  <system-out/>
  <testcase classname="utilities.Excelutilites" name="register_user" time="3.432"/>
  <system-out/>
</testsuite> <!-- utilities.Excelutilites -->
