<?xml version="1.0" encoding="UTF-8"?>
<!-- Generated by org.testng.reporters.JUnitReportReporter -->
<testsuite hostname="Selva" failures="0" tests="3" name="testNGAnnotations.TestAnnotation" time="10.153" errors="0" timestamp="2024-03-07T12:53:57 IST" skipped="0">
  <testcase classname="testNGAnnotations.TestAnnotation" name="createAccount" time="3.941"/>
  <system-out/>
  <testcase classname="testNGAnnotations.TestAnnotation" name="login" time="3.593"/>
  <system-out/>
  <testcase classname="testNGAnnotations.TestAnnotation" name="teardown" time="2.619"/>
  <system-out/>
</testsuite> <!-- testNGAnnotations.TestAnnotation -->
