<?xml version="1.0" encoding="UTF-8"?>
<!-- Generated by org.testng.reporters.JUnitReportReporter -->
<testsuite hostname="Selva" failures="0" tests="2" name="test.LoginPageTest" time="9.243" errors="0" timestamp="2024-03-09T09:25:10 IST" skipped="0">
  <testcase classname="test.LoginPageTest" name="start_browser" time="3.898"/>
  <system-out/>
  <testcase classname="test.LoginPageTest" name="user_login" time="5.345"/>
  <system-out/>
</testsuite> <!-- test.LoginPageTest -->
