<?xml version="1.0" encoding="UTF-8"?>
<!-- Generated by org.testng.reporters.JUnitReportReporter -->
<testsuite hostname="Selva" failures="0" tests="3" name="utilities.Excelutilites" time="8.137" errors="0" timestamp="2024-03-09T12:05:50 IST" skipped="0">
  <testcase classname="utilities.Excelutilites" name="register_user" time="1.798"/>
  <system-out/>
  <testcase classname="utilities.Excelutilites" name="register_user" time="3.009"/>
  <system-out/>
  <testcase classname="utilities.Excelutilites" name="register_user" time="3.330"/>
  <system-out/>
</testsuite> <!-- utilities.Excelutilites -->
