<?xml version="1.0" encoding="UTF-8"?>
<!-- Generated by org.testng.reporters.JUnitReportReporter -->
<testsuite hostname="Selva" failures="0" tests="3" name="utilities.Excelutilites" time="5.367" errors="0" timestamp="2024-03-09T10:29:46 IST" skipped="0">
  <testcase classname="utilities.Excelutilites" name="register_user" time="1.802"/>
  <system-out/>
  <testcase classname="utilities.Excelutilites" name="register_user" time="1.802"/>
  <system-out/>
  <testcase classname="utilities.Excelutilites" name="register_user" time="1.763"/>
  <system-out/>
</testsuite> <!-- utilities.Excelutilites -->
