<?xml version="1.0" encoding="UTF-8"?>
<!-- Generated by org.testng.reporters.JUnitReportReporter -->
<testsuite hostname="Selva" failures="0" tests="3" name="utilities.Excelutilites" time="8.206" errors="0" timestamp="2024-03-09T11:59:06 IST" skipped="0">
  <testcase classname="utilities.Excelutilites" name="register_user" time="3.416"/>
  <system-out/>
  <testcase classname="utilities.Excelutilites" name="register_user" time="2.989"/>
  <system-out/>
  <testcase classname="utilities.Excelutilites" name="register_user" time="1.801"/>
  <system-out/>
</testsuite> <!-- utilities.Excelutilites -->
