<?xml version="1.0" encoding="UTF-8"?>
<!-- Generated by org.testng.reporters.JUnitReportReporter -->
<testsuite hostname="Selva" failures="0" tests="1" name="utilities.MyListerner" time="1.261" errors="0" timestamp="2024-03-09T12:03:44 IST" skipped="0">
  <testcase classname="utilities.MyListerner" name="Testmethod" time="1.261"/>
  <system-out/>
</testsuite> <!-- utilities.MyListerner -->
