<?xml version="1.0" encoding="UTF-8"?>
<!-- Generated by org.testng.reporters.JUnitReportReporter -->
<testsuite hostname="Selva" failures="0" tests="2" name="test.LoginPageTest" time="14.080" errors="0" timestamp="2024-03-09T12:30:04 IST" skipped="0">
  <testcase classname="test.LoginPageTest" name="start_browser" time="7.890"/>
  <system-out/>
  <testcase classname="test.LoginPageTest" name="user_login" time="6.190"/>
  <system-out/>
</testsuite> <!-- test.LoginPageTest -->
