<?xml version="1.0" encoding="UTF-8"?>
<!-- Generated by org.testng.reporters.JUnitReportReporter -->
<testsuite hostname="Selva" failures="0" tests="2" name="test.LoginPageTest" time="9.810" errors="0" timestamp="2024-03-09T11:59:06 IST" skipped="0">
  <testcase classname="test.LoginPageTest" name="start_browser" time="4.436"/>
  <system-out/>
  <testcase classname="test.LoginPageTest" name="user_login" time="5.374"/>
  <system-out/>
</testsuite> <!-- test.LoginPageTest -->
