<?xml version="1.0" encoding="UTF-8"?>
<!-- Generated by org.testng.reporters.JUnitReportReporter -->
<testsuite hostname="Selva" failures="0" tests="1" name="utilities.MyListerner" time="0.820" errors="0" timestamp="2024-03-09T11:59:06 IST" skipped="0">
  <testcase classname="utilities.MyListerner" name="Testmethod" time="0.820"/>
  <system-out/>
</testsuite> <!-- utilities.MyListerner -->
