<?xml version="1.0" encoding="UTF-8"?>
<!-- Generated by org.testng.reporters.JUnitReportReporter -->
<testsuite hostname="Selva" failures="0" tests="3" name="utilities.Excelutilites" time="9.947" errors="0" timestamp="2024-03-09T11:53:18 IST" skipped="0">
  <testcase classname="utilities.Excelutilites" name="register_user" time="4.150"/>
  <system-out/>
  <testcase classname="utilities.Excelutilites" name="register_user" time="1.848"/>
  <system-out/>
  <testcase classname="utilities.Excelutilites" name="register_user" time="3.949"/>
  <system-out/>
</testsuite> <!-- utilities.Excelutilites -->
