<?xml version="1.0" encoding="UTF-8"?>
<!-- Generated by org.testng.reporters.JUnitReportReporter -->
<testsuite hostname="Selva" failures="0" tests="2" name="test.LoginPageTest" time="9.244" errors="0" timestamp="2024-03-09T12:03:44 IST" skipped="0">
  <testcase classname="test.LoginPageTest" name="start_browser" time="4.327"/>
  <system-out/>
  <testcase classname="test.LoginPageTest" name="user_login" time="4.917"/>
  <system-out/>
</testsuite> <!-- test.LoginPageTest -->
