<?xml version="1.0" encoding="UTF-8"?>
<!-- Generated by org.testng.reporters.JUnitReportReporter -->
<testsuite hostname="Selva" failures="0" tests="2" name="test.LoginPageTest" time="10.460" errors="0" timestamp="2024-03-09T11:56:11 IST" skipped="0">
  <testcase classname="test.LoginPageTest" name="start_browser" time="5.112"/>
  <system-out/>
  <testcase classname="test.LoginPageTest" name="user_login" time="5.348"/>
  <system-out/>
</testsuite> <!-- test.LoginPageTest -->
