<?xml version="1.0" encoding="UTF-8"?>
<!-- Generated by org.testng.reporters.JUnitReportReporter -->
<testsuite hostname="Selva" failures="0" tests="2" name="test.LoginPageTest" time="8.605" errors="0" timestamp="2024-03-09T13:22:26 IST" skipped="0">
  <testcase classname="test.LoginPageTest" name="start_browser" time="3.286"/>
  <system-out/>
  <testcase classname="test.LoginPageTest" name="user_login" time="5.319"/>
  <system-out/>
</testsuite> <!-- test.LoginPageTest -->
