<?xml version="1.0" encoding="UTF-8"?>
<!-- Generated by org.testng.reporters.JUnitReportReporter -->
<testsuite hostname="Selva" failures="0" tests="2" name="test.LoginPageTest" time="10.224" errors="0" timestamp="2024-03-09T12:22:43 IST" skipped="0">
  <testcase classname="test.LoginPageTest" name="start_browser" time="4.861"/>
  <system-out/>
  <testcase classname="test.LoginPageTest" name="user_login" time="5.363"/>
  <system-out/>
</testsuite> <!-- test.LoginPageTest -->
